{"/Users/nunyaklah/Documents/Teamway/personality/src/assets/images/extrovert.jpg": {"path":"/Users/nunyaklah/Documents/Teamway/personality/src/assets/images/extrovert.jpg","statementMap":{"0":{"start":{"line":1,"column":0},"end":{"line":1,"column":19}}},"fnMap":{},"branchMap":{},"s":{"0":1},"f":{},"b":{},"_coverageSchema":"43e27e138ebf9cfc5966b082cf9a028302ed4184","hash":"cfbe04eb2c8f17749550f6b9b29c4bc81344a4b2"}
,"/Users/nunyaklah/Documents/Teamway/personality/src/assets/images/happy-woman.png": {"path":"/Users/nunyaklah/Documents/Teamway/personality/src/assets/images/happy-woman.png","statementMap":{"0":{"start":{"line":1,"column":0},"end":{"line":1,"column":19}}},"fnMap":{},"branchMap":{},"s":{"0":1},"f":{},"b":{},"_coverageSchema":"43e27e138ebf9cfc5966b082cf9a028302ed4184","hash":"a1943a5a407238f8afdf218da3c345525a105350"}
,"/Users/nunyaklah/Documents/Teamway/personality/src/assets/images/introvert.jpg": {"path":"/Users/nunyaklah/Documents/Teamway/personality/src/assets/images/introvert.jpg","statementMap":{"0":{"start":{"line":1,"column":0},"end":{"line":1,"column":19}}},"fnMap":{},"branchMap":{},"s":{"0":1},"f":{},"b":{},"_coverageSchema":"43e27e138ebf9cfc5966b082cf9a028302ed4184","hash":"ee3d78fc23f74cc968f35b3fb010a283a206e473"}
,"/Users/nunyaklah/Documents/Teamway/personality/src/components/HelloWorld.vue": {"path":"/Users/nunyaklah/Documents/Teamway/personality/src/components/HelloWorld.vue","statementMap":{"0":{"start":{"line":37,"column":15},"end":{"line":37,"column":null}}},"fnMap":{},"branchMap":{},"s":{"0":1},"f":{},"b":{}}
,"/Users/nunyaklah/Documents/Teamway/personality/src/views/Home.vue": {"path":"/Users/nunyaklah/Documents/Teamway/personality/src/views/Home.vue","statementMap":{"0":{"start":{"line":45,"column":15},"end":{"line":45,"column":null}},"1":{"start":{"line":48,"column":4},"end":{"line":48,"column":11}}},"fnMap":{"0":{"name":"(anonymous_0)","decl":{"start":{"line":47,"column":2},"end":{"line":47,"column":6}},"loc":{"start":{"line":47,"column":9},"end":{"line":49,"column":null}}}},"branchMap":{},"s":{"0":1,"1":0},"f":{"0":0},"b":{}}
,"/Users/nunyaklah/Documents/Teamway/personality/src/views/Personality.vue": {"path":"/Users/nunyaklah/Documents/Teamway/personality/src/views/Personality.vue","statementMap":{"0":{"start":{"line":92,"column":0},"end":{"line":92,"column":null}},"1":{"start":{"line":93,"column":0},"end":{"line":93,"column":null}},"2":{"start":{"line":96,"column":15},"end":{"line":96,"column":null}},"3":{"start":{"line":98,"column":4},"end":{"line":98,"column":11}},"4":{"start":{"line":114,"column":6},"end":{"line":114,"column":11}},"5":{"start":{"line":117,"column":6},"end":{"line":119,"column":null}},"6":{"start":{"line":118,"column":8},"end":{"line":118,"column":13}},"7":{"start":{"line":120,"column":6},"end":{"line":120,"column":11}},"8":{"start":{"line":123,"column":6},"end":{"line":125,"column":null}},"9":{"start":{"line":124,"column":8},"end":{"line":124,"column":13}},"10":{"start":{"line":126,"column":6},"end":{"line":126,"column":11}},"11":{"start":{"line":129,"column":6},"end":{"line":129,"column":11}},"12":{"start":{"line":132,"column":6},"end":{"line":132,"column":11}},"13":{"start":{"line":136,"column":8},"end":{"line":136,"column":15}},"14":{"start":{"line":140,"column":19},"end":{"line":142,"column":null}},"15":{"start":{"line":143,"column":6},"end":{"line":143,"column":null}},"16":{"start":{"line":147,"column":10},"end":{"line":147,"column":17}},"17":{"start":{"line":148,"column":10},"end":{"line":148,"column":20}},"18":{"start":{"line":149,"column":12},"end":{"line":149,"column":17}},"19":{"start":{"line":154,"column":10},"end":{"line":154,"column":17}},"20":{"start":{"line":158,"column":6},"end":{"line":158,"column":11}},"21":{"start":{"line":162,"column":6},"end":{"line":162,"column":11}},"22":{"start":{"line":166,"column":4},"end":{"line":166,"column":9}},"23":{"start":{"line":167,"column":4},"end":{"line":167,"column":9}}},"fnMap":{"0":{"name":"(anonymous_0)","decl":{"start":{"line":97,"column":2},"end":{"line":97,"column":6}},"loc":{"start":{"line":97,"column":9},"end":{"line":108,"column":null}}},"1":{"name":"(anonymous_1)","decl":{"start":{"line":113,"column":4},"end":{"line":113,"column":20}},"loc":{"start":{"line":113,"column":23},"end":{"line":115,"column":null}}},"2":{"name":"(anonymous_2)","decl":{"start":{"line":116,"column":4},"end":{"line":116,"column":17}},"loc":{"start":{"line":116,"column":20},"end":{"line":121,"column":null}}},"3":{"name":"(anonymous_3)","decl":{"start":{"line":122,"column":4},"end":{"line":122,"column":17}},"loc":{"start":{"line":122,"column":20},"end":{"line":127,"column":null}}},"4":{"name":"(anonymous_4)","decl":{"start":{"line":128,"column":4},"end":{"line":128,"column":18}},"loc":{"start":{"line":128,"column":26},"end":{"line":130,"column":null}}},"5":{"name":"(anonymous_5)","decl":{"start":{"line":131,"column":4},"end":{"line":131,"column":19}},"loc":{"start":{"line":131,"column":22},"end":{"line":138,"column":null}}},"6":{"name":"(anonymous_6)","decl":{"start":{"line":132,"column":49},"end":{"line":132,"column":null}},"loc":{"start":{"line":135,"column":8},"end":{"line":137,"column":null}}},"7":{"name":"(anonymous_7)","decl":{"start":{"line":139,"column":4},"end":{"line":139,"column":14}},"loc":{"start":{"line":139,"column":17},"end":{"line":156,"column":null}}},"8":{"name":"(anonymous_8)","decl":{"start":{"line":145,"column":15},"end":{"line":145,"column":23}},"loc":{"start":{"line":145,"column":23},"end":{"line":151,"column":null}}},"9":{"name":"(anonymous_9)","decl":{"start":{"line":148,"column":21},"end":{"line":148,"column":27}},"loc":{"start":{"line":148,"column":27},"end":{"line":150,"column":13}}},"10":{"name":"(anonymous_10)","decl":{"start":{"line":152,"column":16},"end":{"line":152,"column":24}},"loc":{"start":{"line":152,"column":24},"end":{"line":155,"column":null}}},"11":{"name":"(anonymous_11)","decl":{"start":{"line":157,"column":4},"end":{"line":157,"column":18}},"loc":{"start":{"line":157,"column":26},"end":{"line":159,"column":null}}},"12":{"name":"(anonymous_12)","decl":{"start":{"line":161,"column":4},"end":{"line":161,"column":19}},"loc":{"start":{"line":161,"column":22},"end":{"line":163,"column":null}}},"13":{"name":"(anonymous_13)","decl":{"start":{"line":165,"column":2},"end":{"line":165,"column":9}},"loc":{"start":{"line":165,"column":12},"end":{"line":168,"column":null}}}},"branchMap":{"0":{"loc":{"start":{"line":117,"column":6},"end":{"line":119,"column":null}},"type":"if","locations":[{"start":{"line":117,"column":6},"end":{"line":119,"column":null}},{"start":{"line":117,"column":6},"end":{"line":119,"column":null}}]},"1":{"loc":{"start":{"line":123,"column":6},"end":{"line":125,"column":null}},"type":"if","locations":[{"start":{"line":123,"column":6},"end":{"line":125,"column":null}},{"start":{"line":123,"column":6},"end":{"line":125,"column":null}}]}},"s":{"0":1,"1":1,"2":1,"3":1,"4":0,"5":0,"6":0,"7":0,"8":0,"9":0,"10":0,"11":0,"12":0,"13":0,"14":0,"15":0,"16":0,"17":0,"18":0,"19":0,"20":0,"21":0,"22":1,"23":0},"f":{"0":1,"1":0,"2":0,"3":0,"4":0,"5":0,"6":0,"7":0,"8":0,"9":0,"10":0,"11":0,"12":0,"13":1},"b":{"0":[0,0],"1":[0,0]}}
,"/Users/nunyaklah/Documents/Teamway/personality/src/views/Result.vue": {"path":"/Users/nunyaklah/Documents/Teamway/personality/src/views/Result.vue","statementMap":{"0":{"start":{"line":50,"column":15},"end":{"line":50,"column":null}},"1":{"start":{"line":52,"column":4},"end":{"line":52,"column":11}}},"fnMap":{"0":{"name":"(anonymous_0)","decl":{"start":{"line":51,"column":2},"end":{"line":51,"column":6}},"loc":{"start":{"line":51,"column":9},"end":{"line":55,"column":null}}}},"branchMap":{},"s":{"0":1,"1":0},"f":{"0":0},"b":{}}
}
