TN:
SF:/Users/nunyaklah/Documents/Teamway/personality/src/assets/images/extrovert.jpg
FNF:0
FNH:0
DA:1,1
LF:1
LH:1
BRF:0
BRH:0
end_of_record
TN:
SF:/Users/nunyaklah/Documents/Teamway/personality/src/assets/images/happy-woman.png
FNF:0
FNH:0
DA:1,1
LF:1
LH:1
BRF:0
BRH:0
end_of_record
TN:
SF:/Users/nunyaklah/Documents/Teamway/personality/src/assets/images/introvert.jpg
FNF:0
FNH:0
DA:1,1
LF:1
LH:1
BRF:0
BRH:0
end_of_record
TN:
SF:/Users/nunyaklah/Documents/Teamway/personality/src/components/HelloWorld.vue
FNF:0
FNH:0
DA:37,1
LF:1
LH:1
BRF:0
BRH:0
end_of_record
TN:
SF:/Users/nunyaklah/Documents/Teamway/personality/src/views/Home.vue
FN:47,(anonymous_0)
FNF:1
FNH:0
FNDA:0,(anonymous_0)
DA:45,1
DA:48,0
LF:2
LH:1
BRF:0
BRH:0
end_of_record
TN:
SF:/Users/nunyaklah/Documents/Teamway/personality/src/views/Personality.vue
FN:97,(anonymous_0)
FN:113,(anonymous_1)
FN:116,(anonymous_2)
FN:122,(anonymous_3)
FN:128,(anonymous_4)
FN:131,(anonymous_5)
FN:132,(anonymous_6)
FN:139,(anonymous_7)
FN:145,(anonymous_8)
FN:148,(anonymous_9)
FN:152,(anonymous_10)
FN:157,(anonymous_11)
FN:161,(anonymous_12)
FN:165,(anonymous_13)
FNF:14
FNH:2
FNDA:1,(anonymous_0)
FNDA:0,(anonymous_1)
FNDA:0,(anonymous_2)
FNDA:0,(anonymous_3)
FNDA:0,(anonymous_4)
FNDA:0,(anonymous_5)
FNDA:0,(anonymous_6)
FNDA:0,(anonymous_7)
FNDA:0,(anonymous_8)
FNDA:0,(anonymous_9)
FNDA:0,(anonymous_10)
FNDA:0,(anonymous_11)
FNDA:0,(anonymous_12)
FNDA:1,(anonymous_13)
DA:92,1
DA:93,1
DA:96,1
DA:98,1
DA:114,0
DA:117,0
DA:118,0
DA:120,0
DA:123,0
DA:124,0
DA:126,0
DA:129,0
DA:132,0
DA:136,0
DA:140,0
DA:143,0
DA:147,0
DA:148,0
DA:149,0
DA:154,0
DA:158,0
DA:162,0
DA:166,1
DA:167,0
LF:24
LH:5
BRDA:117,0,0,0
BRDA:117,0,1,0
BRDA:123,1,0,0
BRDA:123,1,1,0
BRF:4
BRH:0
end_of_record
TN:
SF:/Users/nunyaklah/Documents/Teamway/personality/src/views/Result.vue
FN:51,(anonymous_0)
FNF:1
FNH:0
FNDA:0,(anonymous_0)
DA:50,1
DA:52,0
LF:2
LH:1
BRF:0
BRH:0
end_of_record
